<?xml version="1.0" encoding="UTF-8"?>
<testsuite xmlns:xsi="http://www.w3.org/2001/XMLSchema-instance" xsi:noNamespaceSchemaLocation="https://maven.apache.org/surefire/maven-surefire-plugin/xsd/surefire-test-report-3.0.xsd" version="3.0" name="com.store.api.storeTest" time="0.14" tests="11" errors="0" skipped="0" failures="0">
  <properties>
[...]
</properties>
  <testcase name="placeOrderProvidedCaseWithNoTaxes" classname="com.store.api.storeTest" time="0.051"/>
  <testcase name="placeOrderProvidedCase" classname="com.store.api.storeTest" time="0.02"/>
  <testcase name="placeOrderAndPrintTicket" classname="com.store.api.storeTest" time="0.014"/>
  <testcase name="placeOrderProvidedCase0" classname="com.store.api.storeTest" time="0.001"/>
  <testcase name="placeOrderProvidedCase1" classname="com.store.api.storeTest" time="0.005"/>
  <testcase name="placeOrderProvidedCase2" classname="com.store.api.storeTest" time="0.006"/>
  <testcase name="placeOrderProvidedCase4" classname="com.store.api.storeTest" time="0.008"/>
  <testcase name="placeOrderProvidedCase5" classname="com.store.api.storeTest" time="0.01"/>
  <testcase name="placeOrderProvidedCase6" classname="com.store.api.storeTest" time="0.003"/>
  <testcase name="placeOrderProvidedCase7" classname="com.store.api.storeTest" time="0.002"/>
  <testcase name="placeOrderProvidedCase8" classname="com.store.api.storeTest" time="0.004"/>
</testsuite>